nohup: ignoring input
[0mGET / [32m200 [0m9.463 ms - 957[0m
[0mGET /javascripts/fermat.js [32m200 [0m2.181 ms - 3077[0m
[0mGET /stylesheets/main.css [32m200 [0m1.430 ms - 145[0m
[0mGET /favicon.ico [33m404 [0m331.938 ms - 1145[0m
[0mHEAD / [32m200 [0m1.577 ms - 957[0m
[0mGET / [32m200 [0m1.575 ms - 957[0m
[0mGET /javascripts/fermat.js [32m200 [0m0.878 ms - 3077[0m
[0mGET /stylesheets/main.css [32m200 [0m0.812 ms - 145[0m
[0mGET / [32m200 [0m0.653 ms - 957[0m
[0mGET / [32m200 [0m0.387 ms - 957[0m
[0mGET / [36m304 [0m0.705 ms - -[0m
[0mGET /stylesheets/main.css [36m304 [0m0.685 ms - -[0m
[0mGET /javascripts/fermat.js [36m304 [0m0.539 ms - -[0m
[0mGET / [36m304 [0m0.886 ms - -[0m
[0mGET /javascripts/fermat.js [36m304 [0m0.665 ms - -[0m
[0mGET /stylesheets/main.css [36m304 [0m0.510 ms - -[0m
[0mGET / [36m304 [0m0.324 ms - -[0m
[0mGET /stylesheets/main.css [36m304 [0m0.371 ms - -[0m
[0mGET /javascripts/fermat.js [36m304 [0m0.574 ms - -[0m
[0mGET / [36m304 [0m0.373 ms - -[0m
[0mGET /javascripts/fermat.js [36m304 [0m0.611 ms - -[0m
[0mGET /stylesheets/main.css [36m304 [0m0.354 ms - -[0m
[0mGET / [36m304 [0m0.336 ms - -[0m
[0mGET /javascripts/fermat.js [36m304 [0m0.378 ms - -[0m
[0mGET /stylesheets/main.css [36m304 [0m0.345 ms - -[0m
[0mGET / [36m304 [0m0.395 ms - -[0m
[0mGET /stylesheets/main.css [36m304 [0m0.368 ms - -[0m
[0mGET /javascripts/fermat.js [36m304 [0m0.338 ms - -[0m
[0mGET / [32m200 [0m1.529 ms - 957[0m
[0mGET / [32m200 [0m2.595 ms - 957[0m
[0mGET /favicon.ico [33m404 [0m41.934 ms - 1145[0m
[0mGET /favicon.ico [33m404 [0m49.804 ms - 1145[0m
[0mGET / [32m200 [0m0.800 ms - 957[0m
[0mGET /javascripts/fermat.js [32m200 [0m0.608 ms - 3077[0m
[0mGET /stylesheets/main.css [32m200 [0m0.543 ms - 145[0m
[0mGET /favicon.ico [33m404 [0m25.078 ms - 1145[0m
[0mGET / [36m304 [0m1.028 ms - -[0m
[0mGET /javascripts/fermat.js [36m304 [0m0.471 ms - -[0m
[0mGET /stylesheets/main.css [36m304 [0m0.931 ms - -[0m
[0mGET /favicon.ico [33m404 [0m20.625 ms - 1145[0m
[0mGET / [32m200 [0m0.553 ms - 957[0m
[0mGET /javascripts/fermat.js [32m200 [0m0.560 ms - 3077[0m
[0mGET /stylesheets/main.css [32m200 [0m0.848 ms - 145[0m
[0mGET /favicon.ico [33m404 [0m10.307 ms - 1145[0m
[0mGET / [32m200 [0m0.549 ms - 957[0m
[0mGET /favicon.ico [33m404 [0m10.722 ms - 1145[0m
